nohup: ignoring input
/home/zzl/anaconda3/lib/python3.6/site-packages/h5py/__init__.py:36: FutureWarning: Conversion of the second argument of issubdtype from `float` to `np.floating` is deprecated. In future, it will be treated as `np.float64 == np.dtype(float).type`.
  from ._conv import register_converters as _register_converters
read finished
vocab process finished
index transform finished
padding finished
label index transform finished
Tensor("positionEmbedding/embedding_lookup:0", shape=(64, 700, 200), dtype=float32)
----------embedded_position-------over-----
mask Tensor("transformer/transformer-1/multi_head_attention/Tile:0", shape=(?, ?), dtype=int32)
WARNING:tensorflow:From /home/zzl/anaconda3/lib/python3.6/site-packages/tensorflow/python/ops/rnn.py:430: calling reverse_sequence (from tensorflow.python.ops.array_ops) with seq_dim is deprecated and will be removed in a future version.
Instructions for updating:
seq_dim is deprecated, use seq_axis instead
WARNING:tensorflow:From /home/zzl/anaconda3/lib/python3.6/site-packages/tensorflow/python/util/deprecation.py:454: calling reverse_sequence (from tensorflow.python.ops.array_ops) with batch_dim is deprecated and will be removed in a future version.
Instructions for updating:
batch_dim is deprecated, use batch_axis instead
wordoutput Tensor("transformer/transformer-1/Bi-GRU/concat:0", shape=(?, ?, 200), dtype=float32)
embedded_representation Tensor("transformer/transformer-1/Bi-GRU/add:0", shape=(64, 700, 200), dtype=float32)
2020-02-06 08:04:58.395571: I tensorflow/core/platform/cpu_feature_guard.cc:141] Your CPU supports instructions that this TensorFlow binary was not compiled to use: AVX2 AVX512F FMA
2020-02-06 08:04:58.841064: I tensorflow/core/common_runtime/gpu/gpu_device.cc:1405] Found device 0 with properties: 
name: Tesla P100-PCIE-16GB major: 6 minor: 0 memoryClockRate(GHz): 1.3285
pciBusID: 0000:3b:00.0
totalMemory: 15.89GiB freeMemory: 14.68GiB
2020-02-06 08:04:59.271498: I tensorflow/core/common_runtime/gpu/gpu_device.cc:1405] Found device 1 with properties: 
name: Tesla P100-PCIE-16GB major: 6 minor: 0 memoryClockRate(GHz): 1.3285
pciBusID: 0000:af:00.0
totalMemory: 15.89GiB freeMemory: 15.60GiB
2020-02-06 08:04:59.272966: I tensorflow/core/common_runtime/gpu/gpu_device.cc:1484] Adding visible gpu devices: 0, 1
2020-02-06 08:04:59.918007: I tensorflow/core/common_runtime/gpu/gpu_device.cc:965] Device interconnect StreamExecutor with strength 1 edge matrix:
2020-02-06 08:04:59.918067: I tensorflow/core/common_runtime/gpu/gpu_device.cc:971]      0 1 
2020-02-06 08:04:59.918076: I tensorflow/core/common_runtime/gpu/gpu_device.cc:984] 0:   N Y 
2020-02-06 08:04:59.918082: I tensorflow/core/common_runtime/gpu/gpu_device.cc:984] 1:   Y N 
2020-02-06 08:04:59.918705: I tensorflow/core/common_runtime/gpu/gpu_device.cc:1097] Created TensorFlow device (/job:localhost/replica:0/task:0/device:GPU:0 with 14223 MB memory) -> physical GPU (device: 0, name: Tesla P100-PCIE-16GB, pci bus id: 0000:3b:00.0, compute capability: 6.0)
2020-02-06 08:05:00.189064: I tensorflow/core/common_runtime/gpu/gpu_device.cc:1097] Created TensorFlow device (/job:localhost/replica:0/task:0/device:GPU:1 with 15119 MB memory) -> physical GPU (device: 1, name: Tesla P100-PCIE-16GB, pci bus id: 0000:af:00.0, compute capability: 6.0)
Reloading model parameters..
准确度是----- 0.875
准确度是----- 0.703125
准确度是----- 0.921875
准确度是----- 0.859375
准确度是----- 0.890625
准确度是----- 0.84375
准确度是----- 0.78125
准确度是----- 0.765625
准确度是----- 0.828125
准确度是----- 0.84375
准确度是----- 0.84375
准确度是----- 0.875
准确度是----- 0.90625
准确度是----- 0.8125
准确度是----- 0.84375
准确度是----- 0.71875
准确度是----- 0.8125
准确度是----- 0.890625
准确度是----- 0.875
准确度是----- 0.875
准确度是----- 0.859375
准确度是----- 0.875
准确度是----- 0.890625
准确度是----- 0.8125
准确度是----- 0.84375
准确度是----- 0.765625
准确度是----- 0.90625
准确度是----- 0.875
准确度是----- 0.890625
准确度是----- 0.84375
准确度是----- 0.875
准确度是----- 0.890625
准确度是----- 0.875
准确度是----- 0.890625
准确度是----- 0.859375
准确度是----- 0.8125
准确度是----- 0.90625
准确度是----- 0.84375
准确度是----- 0.890625
准确度是----- 0.8125
准确度是----- 0.859375
准确度是----- 0.921875
准确度是----- 0.78125
准确度是----- 0.875
准确度是----- 0.875
准确度是----- 0.84375
准确度是----- 0.828125
准确度是----- 0.734375
准确度是----- 0.8125
准确度是----- 0.8125
准确度是----- 0.75
准确度是----- 0.78125
准确度是----- 0.734375
准确度是----- 0.875
准确度是----- 0.828125
准确度是----- 0.859375
准确度是----- 0.875
准确度是----- 0.796875
准确度是----- 0.859375
准确度是----- 0.75
准确度是----- 0.875
准确度是----- 0.84375
准确度是----- 0.78125
准确度是----- 0.828125
准确度是----- 0.859375
准确度是----- 0.875
准确度是----- 0.875
准确度是----- 0.875
准确度是----- 0.875
准确度是----- 0.796875
准确度是----- 0.828125
准确度是----- 0.84375
准确度是----- 0.84375
准确度是----- 0.859375
准确度是----- 0.875
准确度是----- 0.84375
准确度是----- 0.875
准确度是----- 0.875
准确度是----- 0.78125
准确度是----- 0.84375
准确度是----- 0.828125
准确度是----- 0.75
准确度是----- 0.84375
准确度是----- 0.9375
准确度是----- 0.828125
准确度是----- 0.84375
准确度是----- 0.875
准确度是----- 0.875
准确度是----- 0.84375
准确度是----- 0.78125
准确度是----- 0.9375
准确度是----- 0.71875
准确度是----- 0.890625
准确度是----- 0.734375
准确度是----- 0.78125
准确度是----- 0.890625
准确度是----- 0.8125
准确度是----- 0.84375
准确度是----- 0.828125
准确度是----- 0.828125
准确度是----- 0.828125
准确度是----- 0.765625
准确度是----- 0.765625
准确度是----- 0.8125
准确度是----- 0.8125
准确度是----- 0.765625
准确度是----- 0.859375
准确度是----- 0.859375
准确度是----- 0.828125
准确度是----- 0.875
准确度是----- 0.875
准确度是----- 0.8125
准确度是----- 0.8125
准确度是----- 0.84375
准确度是----- 0.828125
准确度是----- 0.875
准确度是----- 0.875
准确度是----- 0.84375
准确度是----- 0.890625
准确度是----- 0.921875
准确度是----- 0.859375
准确度是----- 0.875
准确度是----- 0.84375
准确度是----- 0.890625
准确度是----- 0.84375
准确度是----- 0.875
准确度是----- 0.8125
准确度是----- 0.765625
准确度是----- 0.8125
准确度是----- 0.84375
准确度是----- 0.859375
准确度是----- 0.796875
准确度是----- 0.84375
准确度是----- 0.90625
准确度是----- 0.859375
准确度是----- 0.90625
准确度是----- 0.875
准确度是----- 0.90625
准确度是----- 0.84375
准确度是----- 0.90625
准确度是----- 0.84375
准确度是----- 0.8125
准确度是----- 0.796875
准确度是----- 0.84375
准确度是----- 0.859375
准确度是----- 0.828125
准确度是----- 0.859375
准确度是----- 0.875
准确度是----- 0.828125
准确度是----- 0.8125
准确度是----- 0.953125
准确度是----- 0.828125
准确度是----- 0.828125
准确度是----- 0.84375
准确度是----- 0.859375
准确度是----- 0.859375
准确度是----- 0.84375
准确度是----- 0.78125
准确度是----- 0.921875
准确度是----- 0.921875
准确度是----- 0.875
准确度是----- 0.78125
准确度是----- 0.859375
准确度是----- 0.875
准确度是----- 0.953125
准确度是----- 0.921875
准确度是----- 0.921875
准确度是----- 0.890625
准确度是----- 0.828125
准确度是----- 0.78125
准确度是----- 0.875
准确度是----- 0.859375
准确度是----- 0.875
准确度是----- 0.90625
准确度是----- 0.84375
准确度是----- 0.859375
准确度是----- 0.828125
准确度是----- 0.875
准确度是----- 0.859375
准确度是----- 0.796875
准确度是----- 0.84375
准确度是----- 0.890625
准确度是----- 0.765625
准确度是----- 0.8125
准确度是----- 0.875
准确度是----- 0.859375
准确度是----- 0.796875
准确度是----- 0.828125
准确度是----- 0.859375
准确度是----- 0.859375
准确度是----- 0.8125
准确度是----- 0.859375
准确度是----- 0.859375
准确度是----- 0.828125
准确度是----- 0.765625
准确度是----- 0.828125
准确度是----- 0.859375
准确度是----- 0.890625
准确度是----- 0.8125
准确度是----- 0.84375
准确度是----- 0.90625
准确度是----- 0.875
准确度是----- 0.828125
准确度是----- 0.78125
准确度是----- 0.890625
准确度是----- 0.796875
准确度是----- 0.859375
准确度是----- 0.796875
准确度是----- 0.765625
准确度是----- 0.8125
准确度是----- 0.78125
准确度是----- 0.828125
准确度是----- 0.859375
准确度是----- 0.765625
准确度是----- 0.859375
准确度是----- 0.796875
准确度是----- 0.9375
准确度是----- 0.890625
准确度是----- 0.890625
准确度是----- 0.828125
准确度是----- 0.78125
准确度是----- 0.890625
准确度是----- 0.828125
准确度是----- 0.84375
准确度是----- 0.8125
准确度是----- 0.890625
准确度是----- 0.796875
准确度是----- 0.875
准确度是----- 0.859375
准确度是----- 0.796875
准确度是----- 0.734375
准确度是----- 0.890625
准确度是----- 0.90625
准确度是----- 0.765625
准确度是----- 0.859375
准确度是----- 0.78125
准确度是----- 0.859375
准确度是----- 0.828125
准确度是----- 0.90625
准确度是----- 0.828125
准确度是----- 0.828125
准确度是----- 0.78125
准确度是----- 0.90625
准确度是----- 0.875
准确度是----- 0.859375
准确度是----- 0.828125
准确度是----- 0.859375
准确度是----- 0.84375
准确度是----- 0.75
准确度是----- 0.875
准确度是----- 0.875
准确度是----- 0.875
准确度是----- 0.890625
准确度是----- 0.828125
准确度是----- 0.78125
准确度是----- 0.8125
准确度是----- 0.828125
准确度是----- 0.84375
准确度是----- 0.875
准确度是----- 0.84375
准确度是----- 0.859375
准确度是----- 0.8125
准确度是----- 0.875
准确度是----- 0.921875
准确度是----- 0.875
准确度是----- 0.71875
准确度是----- 0.859375
准确度是----- 0.84375
准确度是----- 0.859375
准确度是----- 0.796875
准确度是----- 0.90625
准确度是----- 0.8125
准确度是----- 0.8125
准确度是----- 0.84375
准确度是----- 0.78125
准确度是----- 0.78125
准确度是----- 0.921875
准确度是----- 0.84375
准确度是----- 0.90625
准确度是----- 0.796875
准确度是----- 0.8125
准确度是----- 0.765625
准确度是----- 0.9375
准确度是----- 0.84375
准确度是----- 0.90625
准确度是----- 0.84375
准确度是----- 0.828125
准确度是----- 0.84375
准确度是----- 0.8125
准确度是----- 0.78125
准确度是----- 0.84375
准确度是----- 0.796875
准确度是----- 0.796875
准确度是----- 0.90625
准确度是----- 0.8125
准确度是----- 0.78125
准确度是----- 0.84375
准确度是----- 0.828125
准确度是----- 0.828125
准确度是----- 0.796875
准确度是----- 0.828125
准确度是----- 0.859375
准确度是----- 0.84375
准确度是----- 0.796875
准确度是----- 0.8125
准确度是----- 0.78125
准确度是----- 0.859375
准确度是----- 0.78125
准确度是----- 0.8125
准确度是----- 0.875
准确度是----- 0.8125
准确度是----- 0.84375
准确度是----- 0.796875
准确度是----- 0.828125
准确度是----- 0.921875
准确度是----- 0.890625
准确度是----- 0.8125
准确度是----- 0.90625
准确度是----- 0.875
准确度是----- 0.765625
准确度是----- 0.875
准确度是----- 0.953125
准确度是----- 0.875
准确度是----- 0.875
准确度是----- 0.859375
准确度是----- 0.765625
准确度是----- 0.890625
准确度是----- 0.734375
准确度是----- 0.8125
准确度是----- 0.953125
准确度是----- 0.859375
准确度是----- 0.8125
准确度是----- 0.796875
准确度是----- 0.875
准确度是----- 0.953125
准确度是----- 0.859375
准确度是----- 0.859375
准确度是----- 0.8125
准确度是----- 0.828125
准确度是----- 0.84375
准确度是----- 0.78125
准确度是----- 0.921875
准确度是----- 0.90625
准确度是----- 0.8125
准确度是----- 0.78125
准确度是----- 0.84375
准确度是----- 0.890625
准确度是----- 0.796875
准确度是----- 0.8125
准确度是----- 0.8125
准确度是----- 0.890625
准确度是----- 0.796875
准确度是----- 0.859375
准确度是----- 0.765625
准确度是----- 0.859375
准确度是----- 0.78125
准确度是----- 0.84375
--------the accuracy is--------: 0.8422619047619048
------The run time is----------: 334
